<?xml version="1.0" encoding="UTF-8"?>
<!-- Generated by org.testng.reporters.JUnitReportReporter -->
<testsuite hostname="LIN-5CG1049GJJ" failures="0" tests="3" name="riteshsharma.tests.SubmitOrderTest" time="40.843" errors="0" timestamp="2024-06-15T15:37:23 IST" skipped="0">
  <testcase classname="riteshsharma.tests.SubmitOrderTest" name="submitOrder" time="12.402"/>
  <testcase classname="riteshsharma.tests.SubmitOrderTest" name="submitOrder" time="17.319"/>
  <testcase classname="riteshsharma.tests.SubmitOrderTest" name="OrderHistoryTest" time="11.122"/>
</testsuite> <!-- riteshsharma.tests.SubmitOrderTest -->
