<?xml version="1.0" encoding="UTF-8"?>
<!-- Generated by org.testng.reporters.JUnitReportReporter -->
<testsuite hostname="LIN-5CG1049GJJ" failures="0" tests="1" name="riteshsharma.tests.ErrorValidationsTest" time="9.987" errors="0" timestamp="2024-06-15T15:40:36 IST" skipped="0">
  <testcase classname="riteshsharma.tests.ErrorValidationsTest" name="LoginErrorValidation" time="9.987"/>
</testsuite> <!-- riteshsharma.tests.ErrorValidationsTest -->
