<?xml version="1.0" encoding="UTF-8"?>
<!-- Generated by org.testng.reporters.JUnitReportReporter -->
<testsuite hostname="LIN-5CG1049GJJ" failures="0" tests="1" name="cucumber.TestNGTestRunner" time="6.696" errors="0" timestamp="2024-04-28T16:42:21 IST" skipped="0">
  <testcase classname="cucumber.TestNGTestRunner" name="runScenario" time="6.696"/>
</testsuite> <!-- cucumber.TestNGTestRunner -->
