<?xml version="1.0" encoding="UTF-8"?>
<!-- Generated by org.testng.reporters.JUnitReportReporter -->
<testsuite hostname="LIN-5CG1049GJJ" failures="0" tests="3" name="rahulshettyacademy.tests.SubmitOrderTest" time="106.707" errors="0" timestamp="2024-04-15T21:23:12 IST" skipped="0">
  <testcase classname="rahulshettyacademy.tests.SubmitOrderTest" name="submitOrder" time="18.866"/>
  <testcase classname="rahulshettyacademy.tests.SubmitOrderTest" name="submitOrder" time="63.868"/>
  <testcase classname="rahulshettyacademy.tests.SubmitOrderTest" name="OrderHistoryTest" time="23.973"/>
</testsuite> <!-- rahulshettyacademy.tests.SubmitOrderTest -->
