<?xml version="1.0" encoding="UTF-8"?>
<!-- Generated by org.testng.reporters.JUnitReportReporter -->
<testsuite hostname="LIN-5CG1049GJJ" failures="0" tests="1" name="cucumber.TestNGTestRunner" time="6.294" errors="0" timestamp="2024-06-15T15:57:45 IST" skipped="0">
  <testcase classname="cucumber.TestNGTestRunner" name="runScenario" time="6.294"/>
</testsuite> <!-- cucumber.TestNGTestRunner -->
