<?xml version="1.0" encoding="UTF-8"?>
<!-- Generated by org.testng.reporters.JUnitReportReporter -->
<testsuite hostname="LIN-5CG1049GJJ" failures="0" tests="3" name="riteshsharma.tests.SubmitOrderTest" time="20.790" errors="0" timestamp="2024-06-15T15:57:45 IST" skipped="0">
  <testcase classname="riteshsharma.tests.SubmitOrderTest" name="submitOrder" time="8.455"/>
  <testcase classname="riteshsharma.tests.SubmitOrderTest" name="OrderHistoryTest" time="4.867"/>
  <testcase classname="riteshsharma.tests.SubmitOrderTest" name="submitOrder" time="7.468"/>
</testsuite> <!-- riteshsharma.tests.SubmitOrderTest -->
