<?xml version="1.0" encoding="UTF-8"?>
<!-- Generated by org.testng.reporters.JUnitReportReporter -->
<testsuite hostname="LIN-5CG1049GJJ" failures="0" tests="2" name="riteshsharma.tests.SubmitOrderTest" time="18.303" errors="0" timestamp="2024-06-15T16:49:12 IST" skipped="0">
  <testcase classname="riteshsharma.tests.SubmitOrderTest" name="submitOrder" time="8.133"/>
  <testcase classname="riteshsharma.tests.SubmitOrderTest" name="submitOrder" time="10.170"/>
</testsuite> <!-- riteshsharma.tests.SubmitOrderTest -->
