<?xml version="1.0" encoding="UTF-8"?>
<!-- Generated by org.testng.reporters.JUnitReportReporter -->
<testsuite hostname="LIN-5CG1049GJJ" failures="0" tests="1" name="rahulshettyacademy.tests.ErrorValidationsTest" time="20.285" errors="0" timestamp="2024-04-15T21:37:42 IST" skipped="0">
  <testcase classname="rahulshettyacademy.tests.ErrorValidationsTest" name="LoginErrorValidation" time="20.285"/>
</testsuite> <!-- rahulshettyacademy.tests.ErrorValidationsTest -->
